PLINK v1.9.0-b.8 64-bit (22 Oct 2024)
Options in effect:
  --bfile target/pseudoarray_maf5_qc
  --out target/pseudoarray_maf5_qc
  --recode vcf

Hostname: Kushs-MacBook-Air.local
Working directory: /Users/kushgulati/impute_psoriasis
Start time: Fri Dec 12 22:52:28 2025

Random number seed: 1765560148
8192 MB RAM detected; reserving 4096 MB for main workspace.
110054 variants loaded from .bim file.
20 people (0 males, 0 females, 20 ambiguous) loaded from .fam.
Ambiguous sex IDs written to target/pseudoarray_maf5_qc.nosex .
Using 1 thread (no multithreaded calculations invoked).
Before main variant filters, 20 founders and 0 nonfounders present.
Calculating allele frequencies... done.
Total genotyping rate is 0.999846.
110054 variants and 20 people pass filters and QC.
Note: No phenotypes present.
--recode vcf to target/pseudoarray_maf5_qc.vcf ... done.

End time: Fri Dec 12 22:52:28 2025
