PLINK v1.9.0-b.8 64-bit (22 Oct 2024)
Options in effect:
  --make-bed
  --out target/pseudoarray_maf5
  --vcf target/target_pseudoarray_maf5.vcf.gz

Hostname: Kushs-MacBook-Air.local
Working directory: /Users/kushgulati/impute_psoriasis
Start time: Fri Dec 12 22:52:28 2025

Random number seed: 1765560148
8192 MB RAM detected; reserving 4096 MB for main workspace.
--vcf: target/pseudoarray_maf5-temporary.bed +
target/pseudoarray_maf5-temporary.bim + target/pseudoarray_maf5-temporary.fam
written.
110722 variants loaded from .bim file.
20 people (0 males, 0 females, 20 ambiguous) loaded from .fam.
Ambiguous sex IDs written to target/pseudoarray_maf5.nosex .
Using 1 thread (no multithreaded calculations invoked).
Before main variant filters, 20 founders and 0 nonfounders present.
Calculating allele frequencies... done.
Total genotyping rate is 0.99849.
110722 variants and 20 people pass filters and QC.
Note: No phenotypes present.
--make-bed to target/pseudoarray_maf5.bed + target/pseudoarray_maf5.bim +
target/pseudoarray_maf5.fam ... done.

End time: Fri Dec 12 22:52:28 2025
