beagle.29Oct24.c8e.jar (version 5.4)
Copyright (C) 2014-2022 Brian L. Browning
Enter "java -jar beagle.29Oct24.c8e.jar" to list command line argument
Start time: 11:12 PM IST on 14 Dec 2025

Command line: java -Xmx4096m -jar beagle.29Oct24.c8e.jar
  gt=target/pseudoarray_maf5_final.vcf.gz
  ref=ref/ref_chr22.vcf.gz
  out=results/imputed_chr22
  nthreads=4

No genetic map is specified: using 1 cM = 1 Mb

Reference samples:                   80
Study     samples:                   20

Window 1 [22:16050075-51244237]
Reference markers:            1,103,547
Study     markers:               64,025

Burnin  iteration 1:           3 seconds
Burnin  iteration 2:           1 second

Estimated ne:                  109907
Estimated err:                 2.0e-03

Phasing iteration 1:           1 second
Phasing iteration 2:           0 seconds
Phasing iteration 3:           0 seconds
Phasing iteration 4:           0 seconds
Phasing iteration 5:           0 seconds
Phasing iteration 6:           0 seconds
Phasing iteration 7:           0 seconds
Phasing iteration 8:           0 seconds
Phasing iteration 9:           0 seconds
Phasing iteration 10:          0 seconds
Phasing iteration 11:          0 seconds
Phasing iteration 12:          0 seconds

Imputation time:               3 seconds

Cumulative Statistics:

Reference markers:            1,103,547
Study     markers:               64,025

Haplotype phasing time:        9 seconds
Imputation time:               3 seconds
Total time:                    14 seconds

End time: 11:13 PM IST on 14 Dec 2025
beagle.29Oct24.c8e.jar finished
